TN:
SF:src/api/index.ts
FN:31,(anonymous_1)
FN:36,(anonymous_2)
FNF:2
FNH:1
FNDA:0,(anonymous_1)
FNDA:1,(anonymous_2)
DA:2,1
DA:3,1
DA:4,1
DA:5,1
DA:6,1
DA:7,1
DA:8,1
DA:9,1
DA:11,1
DA:13,1
DA:15,1
DA:16,1
DA:17,1
DA:20,1
DA:21,1
DA:22,1
DA:26,1
DA:31,1
DA:32,0
DA:33,0
DA:36,1
DA:37,1
DA:38,1
DA:41,1
LF:24
LH:22
BRDA:13,0,0,1
BRDA:13,0,1,1
BRF:2
BRH:2
end_of_record
TN:
SF:src/api/swagger.ts
FNF:0
FNH:0
DA:1,1
DA:6,1
DA:115,1
LF:3
LH:3
BRF:0
BRH:0
end_of_record
TN:
SF:src/api/controllers/CourseController.ts
FN:9,(anonymous_8)
FN:28,(anonymous_9)
FN:86,(anonymous_11)
FN:135,(anonymous_13)
FN:182,(anonymous_15)
FNF:5
FNH:1
FNDA:1,(anonymous_8)
FNDA:0,(anonymous_9)
FNDA:0,(anonymous_11)
FNDA:0,(anonymous_13)
FNDA:0,(anonymous_15)
DA:2,1
DA:4,1
DA:6,1
DA:10,1
DA:29,0
DA:32,0
DA:33,0
DA:34,0
DA:35,0
DA:39,0
DA:40,0
DA:42,0
DA:44,0
DA:87,0
DA:89,0
DA:90,0
DA:91,0
DA:93,0
DA:95,0
DA:96,0
DA:98,0
DA:100,0
DA:136,0
DA:137,0
DA:138,0
DA:139,0
DA:141,0
DA:144,0
DA:145,0
DA:147,0
DA:149,0
DA:183,0
DA:184,0
DA:185,0
DA:186,0
DA:187,0
DA:188,0
DA:191,0
DA:192,0
DA:194,0
DA:196,0
LF:41
LH:4
BRDA:39,0,0,0
BRDA:39,0,1,0
BRDA:95,1,0,0
BRDA:95,1,1,0
BRDA:144,2,0,0
BRDA:144,2,1,0
BRDA:191,3,0,0
BRDA:191,3,1,0
BRF:8
BRH:0
end_of_record
TN:
SF:src/api/controllers/LessonController.ts
FN:9,(anonymous_8)
FN:29,(anonymous_9)
FN:68,(anonymous_11)
FN:116,(anonymous_13)
FN:167,(anonymous_15)
FNF:5
FNH:1
FNDA:1,(anonymous_8)
FNDA:0,(anonymous_9)
FNDA:0,(anonymous_11)
FNDA:0,(anonymous_13)
FNDA:0,(anonymous_15)
DA:2,1
DA:4,1
DA:6,1
DA:10,1
DA:30,0
DA:32,0
DA:33,0
DA:34,0
DA:37,0
DA:38,0
DA:40,0
DA:42,0
DA:69,0
DA:70,0
DA:71,0
DA:72,0
DA:74,0
DA:76,0
DA:77,0
DA:79,0
DA:81,0
DA:117,0
DA:118,0
DA:119,0
DA:120,0
DA:121,0
DA:122,0
DA:123,0
DA:124,0
DA:126,0
DA:129,0
DA:130,0
DA:132,0
DA:134,0
DA:168,0
DA:169,0
DA:170,0
DA:171,0
DA:172,0
DA:173,0
DA:175,0
DA:178,0
DA:179,0
DA:181,0
DA:183,0
LF:45
LH:4
BRDA:37,0,0,0
BRDA:37,0,1,0
BRDA:76,1,0,0
BRDA:76,1,1,0
BRDA:122,2,0,0
BRDA:122,2,1,0
BRDA:129,3,0,0
BRDA:129,3,1,0
BRDA:171,4,0,0
BRDA:171,4,1,0
BRDA:178,5,0,0
BRDA:178,5,1,0
BRF:12
BRH:0
end_of_record
TN:
SF:src/api/controllers/ModuleController.ts
FN:9,(anonymous_8)
FN:28,(anonymous_9)
FN:61,(anonymous_11)
FN:110,(anonymous_13)
FN:155,(anonymous_15)
FNF:5
FNH:1
FNDA:1,(anonymous_8)
FNDA:0,(anonymous_9)
FNDA:0,(anonymous_11)
FNDA:0,(anonymous_13)
FNDA:0,(anonymous_15)
DA:2,1
DA:4,1
DA:6,1
DA:10,1
DA:29,0
DA:31,0
DA:32,0
DA:35,0
DA:62,0
DA:63,0
DA:66,0
DA:67,0
DA:68,0
DA:70,0
DA:71,0
DA:73,0
DA:75,0
DA:111,0
DA:112,0
DA:113,0
DA:114,0
DA:115,0
DA:116,0
DA:117,0
DA:119,0
DA:122,0
DA:156,0
DA:157,0
DA:158,0
DA:161,0
DA:162,0
DA:163,0
DA:165,0
DA:168,0
DA:169,0
DA:171,0
DA:173,0
LF:37
LH:4
BRDA:70,0,0,0
BRDA:70,0,1,0
BRDA:115,1,0,0
BRDA:115,1,1,0
BRDA:161,2,0,0
BRDA:161,2,1,0
BRDA:168,3,0,0
BRDA:168,3,1,0
BRF:8
BRH:0
end_of_record
TN:
SF:src/api/routes/CourseRouter.ts
FNF:0
FNH:0
DA:1,1
DA:2,1
DA:4,1
DA:5,1
DA:9,1
DA:10,1
DA:11,1
DA:12,1
DA:14,1
LF:9
LH:9
BRF:0
BRH:0
end_of_record
TN:
SF:src/api/routes/LessonRouter.ts
FNF:0
FNH:0
DA:1,1
DA:2,1
DA:4,1
DA:5,1
DA:9,1
DA:10,1
DA:11,1
DA:12,1
DA:14,1
LF:9
LH:9
BRF:0
BRH:0
end_of_record
TN:
SF:src/api/routes/ModuleRouter.ts
FNF:0
FNH:0
DA:1,1
DA:2,1
DA:4,1
DA:5,1
DA:9,1
DA:10,1
DA:11,1
DA:12,1
DA:14,1
LF:9
LH:9
BRF:0
BRH:0
end_of_record
TN:
SF:src/business/CourseService.ts
FN:10,(anonymous_7)
FN:15,(anonymous_8)
FN:31,(anonymous_10)
FN:53,(anonymous_12)
FN:80,(anonymous_14)
FNF:5
FNH:4
FNDA:4,(anonymous_7)
FNDA:1,(anonymous_8)
FNDA:3,(anonymous_10)
FNDA:0,(anonymous_12)
FNDA:2,(anonymous_14)
DA:2,2
DA:3,2
DA:4,2
DA:7,2
DA:11,4
DA:16,1
DA:17,1
DA:18,1
DA:20,1
DA:22,0
DA:23,0
DA:25,0
DA:27,0
DA:32,3
DA:33,3
DA:34,0
DA:35,0
DA:38,3
DA:39,3
DA:40,3
DA:41,3
DA:43,0
DA:44,0
DA:46,0
DA:48,0
DA:54,0
DA:55,0
DA:56,0
DA:57,0
DA:60,0
DA:61,0
DA:62,0
DA:63,0
DA:65,0
DA:67,0
DA:69,0
DA:70,0
DA:72,0
DA:74,0
DA:81,2
DA:82,2
DA:83,2
DA:84,1
DA:86,1
DA:88,2
DA:90,0
DA:91,0
DA:93,0
DA:95,0
LF:49
LH:21
BRDA:22,0,0,0
BRDA:22,0,1,0
BRDA:33,1,0,0
BRDA:43,2,0,0
BRDA:43,2,1,0
BRDA:55,3,0,0
BRDA:62,4,0,0
BRDA:62,4,1,0
BRDA:69,5,0,0
BRDA:69,5,1,0
BRDA:83,6,0,1
BRDA:83,6,1,1
BRDA:90,7,0,0
BRDA:90,7,1,0
BRF:14
BRH:2
end_of_record
TN:
SF:src/business/LessonService.ts
FN:9,(anonymous_7)
FN:14,(anonymous_8)
FN:30,(anonymous_10)
FN:52,(anonymous_12)
FN:79,(anonymous_14)
FNF:5
FNH:1
FNDA:1,(anonymous_7)
FNDA:0,(anonymous_8)
FNDA:0,(anonymous_10)
FNDA:0,(anonymous_12)
FNDA:0,(anonymous_14)
DA:1,1
DA:2,1
DA:3,1
DA:6,1
DA:10,1
DA:15,0
DA:16,0
DA:17,0
DA:19,0
DA:21,0
DA:22,0
DA:24,0
DA:26,0
DA:31,0
DA:32,0
DA:33,0
DA:34,0
DA:37,0
DA:38,0
DA:39,0
DA:40,0
DA:42,0
DA:43,0
DA:45,0
DA:47,0
DA:53,0
DA:54,0
DA:55,0
DA:56,0
DA:59,0
DA:60,0
DA:61,0
DA:62,0
DA:64,0
DA:66,0
DA:68,0
DA:69,0
DA:71,0
DA:73,0
DA:80,0
DA:81,0
DA:82,0
DA:83,0
DA:85,0
DA:87,0
DA:89,0
DA:90,0
DA:92,0
DA:94,0
LF:49
LH:5
BRDA:21,0,0,0
BRDA:21,0,1,0
BRDA:32,1,0,0
BRDA:42,2,0,0
BRDA:42,2,1,0
BRDA:54,3,0,0
BRDA:61,4,0,0
BRDA:61,4,1,0
BRDA:68,5,0,0
BRDA:68,5,1,0
BRDA:82,6,0,0
BRDA:82,6,1,0
BRDA:89,7,0,0
BRDA:89,7,1,0
BRF:14
BRH:0
end_of_record
TN:
SF:src/business/ModuleService.ts
FN:10,(anonymous_7)
FN:15,(anonymous_8)
FN:31,(anonymous_10)
FN:53,(anonymous_12)
FN:80,(anonymous_14)
FNF:5
FNH:1
FNDA:1,(anonymous_7)
FNDA:0,(anonymous_8)
FNDA:0,(anonymous_10)
FNDA:0,(anonymous_12)
FNDA:0,(anonymous_14)
DA:2,1
DA:3,1
DA:4,1
DA:7,1
DA:11,1
DA:16,0
DA:17,0
DA:18,0
DA:20,0
DA:22,0
DA:23,0
DA:25,0
DA:27,0
DA:32,0
DA:33,0
DA:34,0
DA:35,0
DA:38,0
DA:39,0
DA:40,0
DA:41,0
DA:43,0
DA:44,0
DA:46,0
DA:48,0
DA:54,0
DA:55,0
DA:56,0
DA:57,0
DA:60,0
DA:61,0
DA:62,0
DA:63,0
DA:65,0
DA:67,0
DA:69,0
DA:70,0
DA:72,0
DA:74,0
DA:81,0
DA:82,0
DA:83,0
DA:84,0
DA:86,0
DA:88,0
DA:90,0
DA:91,0
DA:93,0
DA:95,0
LF:49
LH:5
BRDA:22,0,0,0
BRDA:22,0,1,0
BRDA:33,1,0,0
BRDA:43,2,0,0
BRDA:43,2,1,0
BRDA:55,3,0,0
BRDA:62,4,0,0
BRDA:62,4,1,0
BRDA:69,5,0,0
BRDA:69,5,1,0
BRDA:83,6,0,0
BRDA:83,6,1,0
BRDA:90,7,0,0
BRDA:90,7,1,0
BRF:14
BRH:0
end_of_record
TN:
SF:src/data-access/CourseDal.ts
FN:9,(anonymous_8)
FN:21,(anonymous_10)
FN:34,(anonymous_12)
FN:37,(anonymous_14)
FN:51,(anonymous_15)
FN:54,(anonymous_17)
FN:67,(anonymous_18)
FNF:7
FNH:5
FNDA:6,(anonymous_8)
FNDA:3,(anonymous_10)
FNDA:0,(anonymous_12)
FNDA:0,(anonymous_14)
FNDA:2,(anonymous_15)
FNDA:3,(anonymous_17)
FNDA:4,(anonymous_18)
DA:1,2
DA:2,2
DA:5,2
DA:7,2
DA:10,6
DA:11,6
DA:12,6
DA:13,6
DA:15,0
DA:16,0
DA:22,3
DA:23,3
DA:24,3
DA:25,3
DA:26,3
DA:28,0
DA:29,0
DA:35,0
DA:36,0
DA:37,0
DA:38,0
DA:39,0
DA:40,0
DA:41,0
DA:43,0
DA:45,0
DA:46,0
DA:52,2
DA:53,2
DA:54,3
DA:55,2
DA:56,1
DA:57,1
DA:59,1
DA:61,0
DA:62,0
DA:68,4
DA:69,4
DA:71,0
DA:72,0
LF:40
LH:22
BRDA:38,0,0,0
BRDA:55,1,0,1
BRF:2
BRH:1
end_of_record
TN:
SF:src/data-access/LessonDal.ts
FN:10,(anonymous_8)
FN:22,(anonymous_10)
FN:35,(anonymous_12)
FN:38,(anonymous_14)
FN:52,(anonymous_15)
FN:56,(anonymous_17)
FN:70,(anonymous_18)
FNF:7
FNH:0
FNDA:0,(anonymous_8)
FNDA:0,(anonymous_10)
FNDA:0,(anonymous_12)
FNDA:0,(anonymous_14)
FNDA:0,(anonymous_15)
FNDA:0,(anonymous_17)
FNDA:0,(anonymous_18)
DA:2,1
DA:3,1
DA:6,1
DA:8,1
DA:11,0
DA:12,0
DA:13,0
DA:14,0
DA:16,0
DA:17,0
DA:23,0
DA:24,0
DA:25,0
DA:26,0
DA:27,0
DA:29,0
DA:30,0
DA:36,0
DA:37,0
DA:38,0
DA:39,0
DA:40,0
DA:41,0
DA:42,0
DA:44,0
DA:46,0
DA:47,0
DA:53,0
DA:55,0
DA:56,0
DA:57,0
DA:58,0
DA:59,0
DA:60,0
DA:62,0
DA:64,0
DA:65,0
DA:71,0
DA:72,0
DA:74,0
DA:75,0
LF:41
LH:4
BRDA:39,0,0,0
BRDA:57,1,0,0
BRF:2
BRH:0
end_of_record
TN:
SF:src/data-access/ModuleDal.ts
FN:10,(anonymous_8)
FN:20,(anonymous_10)
FN:23,(anonymous_12)
FN:32,(anonymous_13)
FN:45,(anonymous_15)
FN:48,(anonymous_17)
FN:62,(anonymous_18)
FN:65,(anonymous_20)
FN:79,(anonymous_21)
FNF:9
FNH:0
FNDA:0,(anonymous_8)
FNDA:0,(anonymous_10)
FNDA:0,(anonymous_12)
FNDA:0,(anonymous_13)
FNDA:0,(anonymous_15)
FNDA:0,(anonymous_17)
FNDA:0,(anonymous_18)
FNDA:0,(anonymous_20)
FNDA:0,(anonymous_21)
DA:2,1
DA:3,1
DA:6,1
DA:8,1
DA:11,0
DA:12,0
DA:13,0
DA:14,0
DA:16,0
DA:17,0
DA:21,0
DA:22,0
DA:23,0
DA:25,0
DA:27,0
DA:28,0
DA:33,0
DA:34,0
DA:35,0
DA:36,0
DA:37,0
DA:39,0
DA:40,0
DA:46,0
DA:47,0
DA:48,0
DA:49,0
DA:50,0
DA:51,0
DA:52,0
DA:54,0
DA:56,0
DA:57,0
DA:63,0
DA:64,0
DA:65,0
DA:66,0
DA:67,0
DA:68,0
DA:69,0
DA:71,0
DA:73,0
DA:74,0
DA:80,0
DA:81,0
DA:83,0
DA:84,0
LF:47
LH:4
BRDA:49,0,0,0
BRDA:66,1,0,0
BRF:2
BRH:0
end_of_record
TN:
SF:src/utils/logger.ts
FN:17,(anonymous_0)
FNF:1
FNH:1
FNDA:5,(anonymous_0)
DA:2,2
DA:4,2
DA:17,2
DA:18,5
DA:19,5
DA:22,2
LF:6
LH:6
BRF:0
BRH:0
end_of_record
TN:
SF:src/utils/validation.ts
FNF:0
FNH:0
DA:2,2
DA:4,2
DA:22,2
DA:35,2
LF:4
LH:4
BRF:0
BRH:0
end_of_record
